Thu Jun 11 14:25:58 CEST 2020;server.Main;INFO;*********** program starts ***********
Thu Jun 11 14:25:58 CEST 2020;server.Server;WARNING;Listen socket created
Thu Jun 11 14:28:58 CEST 2020;server.Server;WARNING;Client listen socket turned on.
Thu Jun 11 14:28:58 CEST 2020;server.ClientS;INFO;Client n° 0 IP/192.168.56.1
Thu Jun 11 14:31:34 CEST 2020;server.Server;WARNING;Client listen socket turned on.
Thu Jun 11 14:32:21 CEST 2020;server.Main;INFO;*********** program starts ***********
Thu Jun 11 14:32:21 CEST 2020;server.Server;WARNING;Listen socket created
Thu Jun 11 14:32:30 CEST 2020;server.Server;WARNING;Client listen socket turned on.
Thu Jun 11 14:32:30 CEST 2020;server.ClientS;INFO;Client n° 0 IP/192.168.56.1
Thu Jun 11 14:32:34 CEST 2020;server.ClientS;INFO;Music list added on server music list.
Thu Jun 11 14:32:34 CEST 2020;server.ClientS;INFO;Music list shared with client.
Thu Jun 11 14:32:34 CEST 2020;server.ClientS;INFO;Communication with client : OK. Lists exchanged
Thu Jun 11 14:33:18 CEST 2020;server.Server;WARNING;Client listen socket turned on.
Thu Jun 11 14:33:51 CEST 2020;server.Main;INFO;*********** program starts ***********
Thu Jun 11 14:33:51 CEST 2020;server.Server;WARNING;Listen socket created
Thu Jun 11 14:33:58 CEST 2020;server.Server;WARNING;Client listen socket turned on.
Thu Jun 11 14:33:58 CEST 2020;server.ClientS;INFO;Client n° 0 IP/192.168.56.1
Thu Jun 11 14:34:03 CEST 2020;server.ClientS;INFO;Music list added on server music list.
Thu Jun 11 14:34:03 CEST 2020;server.ClientS;INFO;Music list shared with client.
Thu Jun 11 14:34:03 CEST 2020;server.ClientS;INFO;Communication with client : OK. Lists exchanged
Thu Jun 11 14:34:17 CEST 2020;server.Server;WARNING;Client listen socket turned on.
Thu Jun 11 14:34:17 CEST 2020;server.ClientS;INFO;Client n° 1 IP/192.168.56.1
Thu Jun 11 14:34:21 CEST 2020;server.ClientS;INFO;Music list added on server music list.
Thu Jun 11 14:34:21 CEST 2020;server.ClientS;INFO;Music list shared with client.
Thu Jun 11 14:34:21 CEST 2020;server.ClientS;INFO;Communication with client : OK. Lists exchanged
Thu Jun 11 14:36:28 CEST 2020;server.Main;INFO;*********** program starts ***********
Thu Jun 11 14:36:28 CEST 2020;server.Server;WARNING;Listen socket created
Thu Jun 11 14:36:34 CEST 2020;server.Server;WARNING;Client listen socket turned on.
Thu Jun 11 14:36:34 CEST 2020;server.ClientS;INFO;Client n° 0 IP/192.168.56.1
Thu Jun 11 14:36:38 CEST 2020;server.ClientS;INFO;Music list added on server music list.
Thu Jun 11 14:36:38 CEST 2020;server.ClientS;INFO;Music list shared with client.
Thu Jun 11 14:36:38 CEST 2020;server.ClientS;INFO;Communication with client : OK. Lists exchanged
Thu Jun 11 14:36:47 CEST 2020;server.Server;WARNING;Client listen socket turned on.
Thu Jun 11 14:36:47 CEST 2020;server.ClientS;INFO;Client n° 1 IP/192.168.56.1
Thu Jun 11 14:36:51 CEST 2020;server.ClientS;INFO;Music list added on server music list.
Thu Jun 11 14:36:51 CEST 2020;server.ClientS;INFO;Music list shared with client.
Thu Jun 11 14:36:51 CEST 2020;server.ClientS;INFO;Communication with client : OK. Lists exchanged
